<component name="libraryTable">
  <library name="junit:junit:4.1" type="repository">
    <properties maven-id="junit:junit:4.1" />
    <CLASSES>
      <root url="jar://$MAVEN_REPOSITORY$/junit/junit/4.1/junit-4.1.jar!/" />
    </CLASSES>
    <JAVADOC>
      <root url="jar://$MAVEN_REPOSITORY$/junit/junit/4.1/junit-4.1-javadoc.jar!/" />
    </JAVADOC>
    <SOURCES>
      <root url="jar://$MAVEN_REPOSITORY$/junit/junit/4.1/junit-4.1-sources.jar!/" />
    </SOURCES>
  </library>
</component>